<?xml version="1.0" encoding="UTF-8"?>
<!-- Generated by org.testng.reporters.JUnitReportReporter -->
<testsuite skipped="0" hostname="DESKTOP-JNMTI8C" name="com.wbl.TestCases.TestPrime" tests="3" failures="0" timestamp="06 Jun 2019 14:25:36 GMT" time="0.015" errors="0">
  <testcase name="testPrimeNum3" time="0.001" classname="com.wbl.TestCases.TestPrime"/>
  <testcase name="testPrimeNum2" time="0.001" classname="com.wbl.TestCases.TestPrime"/>
  <testcase name="testPrimeNum" time="0.013" classname="com.wbl.TestCases.TestPrime"/>
</testsuite> <!-- com.wbl.TestCases.TestPrime -->
