<?xml version="1.0" encoding="UTF-8"?>
<!-- Generated by org.testng.reporters.JUnitReportReporter -->
<testsuite skipped="0" hostname="DESKTOP-JNMTI8C" name="com.wbl.TestCases.TestCompareArr" tests="2" failures="0" timestamp="06 Jun 2019 18:54:41 GMT" time="0.014" errors="0">
  <testcase name="testCompareArray2" time="0.001" classname="com.wbl.TestCases.TestCompareArr"/>
  <testcase name="testCompareArray" time="0.013" classname="com.wbl.TestCases.TestCompareArr"/>
</testsuite> <!-- com.wbl.TestCases.TestCompareArr -->
