<?xml version="1.0" encoding="UTF-8"?>
<!-- Generated by org.testng.reporters.JUnitReportReporter -->
<testsuite skipped="0" hostname="DESKTOP-JNMTI8C" name="com.wbl.TestCases.TestSwap" tests="2" failures="0" timestamp="06 Jun 2019 15:59:17 GMT" time="0.015" errors="0">
  <testcase name="testSwapNum2" time="0.003" classname="com.wbl.TestCases.TestSwap"/>
  <testcase name="testSwapNum" time="0.012" classname="com.wbl.TestCases.TestSwap"/>
</testsuite> <!-- com.wbl.TestCases.TestSwap -->
