<?xml version="1.0" encoding="UTF-8"?>
<!-- Generated by org.testng.reporters.JUnitReportReporter -->
<testsuite skipped="0" hostname="DESKTOP-JNMTI8C" name="com.wbl.TestCases.TestReverse" tests="2" failures="0" timestamp="06 Jun 2019 02:41:24 GMT" time="0.018" errors="0">
  <testcase name="test2" time="0.001" classname="com.wbl.TestCases.TestReverse"/>
  <testcase name="test1" time="0.017" classname="com.wbl.TestCases.TestReverse"/>
</testsuite> <!-- com.wbl.TestCases.TestReverse -->
