<?xml version="1.0" encoding="UTF-8"?>
<!-- Generated by org.testng.reporters.JUnitReportReporter -->
<testsuite skipped="0" hostname="DESKTOP-JNMTI8C" name="com.wbl.TestCases.TestRemoveDup" tests="1" failures="0" timestamp="06 Jun 2019 17:33:36 GMT" time="0.011" errors="0">
  <testcase name="removeDup" time="0.011" classname="com.wbl.TestCases.TestRemoveDup"/>
</testsuite> <!-- com.wbl.TestCases.TestRemoveDup -->
