<?xml version="1.0" encoding="UTF-8"?>
<!-- Generated by org.testng.reporters.JUnitReportReporter -->
<testsuite skipped="0" hostname="DESKTOP-JNMTI8C" name="com.wbl.TestCases.TestFactorial" tests="3" failures="0" timestamp="06 Jun 2019 00:58:06 GMT" time="0.026" errors="0">
  <testcase name="fact3" time="0.001" classname="com.wbl.TestCases.TestFactorial"/>
  <testcase name="fact2" time="0.003" classname="com.wbl.TestCases.TestFactorial"/>
  <testcase name="fact" time="0.022" classname="com.wbl.TestCases.TestFactorial"/>
</testsuite> <!-- com.wbl.TestCases.TestFactorial -->
