<?xml version="1.0" encoding="UTF-8"?>
<!-- Generated by org.testng.reporters.JUnitReportReporter -->
<testsuite skipped="0" hostname="DESKTOP-JNMTI8C" name="com.wbl.TestCases.TestFibonacci" tests="2" failures="0" timestamp="06 Jun 2019 02:41:57 GMT" time="0.017" errors="0">
  <testcase name="testFib2" time="0.002" classname="com.wbl.TestCases.TestFibonacci"/>
  <testcase name="testFib" time="0.015" classname="com.wbl.TestCases.TestFibonacci"/>
</testsuite> <!-- com.wbl.TestCases.TestFibonacci -->
